WebappLoader[]: クラスリポジトリを作業ディレクトリ /mnt/home/sigemura/DOC/教育用コンピュータ/TeC5/ASM/workspace/.metadata/.plugins/org.eclipse.tomcat/ROOT に配備します
StandardManager[]: 乱数発生器のクラス java.security.SecureRandom のシードを生成しています
StandardManager[]: 乱数発生器のシードの生成が完了しました
ContextConfig[]: 証明書をリクエストの属性値に追加します
StandardWrapper[:default]: コンテナサーブレット default をロードします
StandardWrapper[:invoker]: コンテナサーブレット invoker をロードします
HttpConnector すべてのホストIPアドレスのサーバソケットをオープンします
HttpConnector[0] バックグラウンドスレッドを起動します
HttpProcessor[0][0] バックグラウンドスレッドを起動します
HttpProcessor[0][1] バックグラウンドスレッドを起動します
HttpProcessor[0][2] バックグラウンドスレッドを起動します
HttpProcessor[0][3] バックグラウンドスレッドを起動します
HttpProcessor[0][4] バックグラウンドスレッドを起動します
WebappLoader[/help]: クラスリポジトリを作業ディレクトリ /mnt/home/sigemura/DOC/教育用コンピュータ/TeC5/ASM/workspace/.metadata/.plugins/org.eclipse.tomcat/help に配備します
WebappLoader[/help]: JAR /WEB-INF/lib/jsp.jar を /usr/local/eclipse/plugins/org.eclipse.help.webapp_2.1.2/WEB-INF/lib/jsp.jar に配備します
WebappLoader[/help]: JAR /WEB-INF/lib/servlets.jar を /usr/local/eclipse/plugins/org.eclipse.help.webapp_2.1.2/WEB-INF/lib/servlets.jar に配備します
StandardManager[/help]: 乱数発生器のクラス java.security.SecureRandom のシードを生成しています
StandardManager[/help]: 乱数発生器のシードの生成が完了しました
ContextConfig[/help]: 証明書をリクエストの属性値に追加します
StandardWrapper[/help:default]: コンテナサーブレット default をロードします
StandardWrapper[/help:invoker]: コンテナサーブレット invoker をロードします
HttpProcessor[0][4] バックグラウンドスレッドを停止します
HttpProcessor[0][3] バックグラウンドスレッドを停止します
HttpProcessor[0][2] バックグラウンドスレッドを停止します
HttpProcessor[0][1] バックグラウンドスレッドを停止します
HttpProcessor[0][0] バックグラウンドスレッドを停止します
HttpConnector[0] バックグラウンドスレッドを停止します
